commit 5e36241312d9a1c31d4da1e4dd3c6394e4c5df60
Author: Cribl System <cribl@ip-10-120-119-161.ec2.internal>
Date:   Mon Jun 30 14:18:11 2025 +0000

    Adjusted SQL state tracking and put in a backstop to stop re ingesting events.

 groups/Cribl-OT-USE/data/samples/B3siGs.json |  1 +
 groups/Cribl-OT-USE/local/cribl/jobs.yml     | 14 +++++++-------
 groups/Cribl-OT-USE/local/cribl/samples.yml  |  5 +++++
 3 files changed, 13 insertions(+), 7 deletions(-)

commit c47af3f6f4ea5ee825ab2ac5ccaf67a0cc9abaae
Author: Cribl System <cribl@ip-10-120-119-161.ec2.internal>
Date:   Mon Jun 30 14:02:42 2025 +0000

    change job to smaller table DWMAIN

 groups/Cribl-OT-USE/local/cribl/jobs.yml | 6 +++---
 1 file changed, 3 insertions(+), 3 deletions(-)

commit db40844eac36ba720a533d3340d0def277916be8
Author: Cribl System <cribl@ip-10-120-119-161.ec2.internal>
Date:   Mon Jun 30 13:50:23 2025 +0000

    testing new SQL state tracking

 groups/Cribl-OT-USE/local/cribl/jobs.yml | 4 ++--
 1 file changed, 2 insertions(+), 2 deletions(-)

commit 19d01704713afd98677908959416a537c5374fce
Author: Cribl System <cribl@ip-10-120-119-161.ec2.internal>
Date:   Mon Jun 30 13:41:05 2025 +0000

    disable schedule for the moment while troubleshooting state issue

 groups/Cribl-OT-USE/local/cribl/jobs.yml | 6 +++---
 1 file changed, 3 insertions(+), 3 deletions(-)

commit f355eaabb85b71bc3cbf9f99213a2f7a04c88aac
Author: Cribl System <cribl@ip-10-120-119-161.ec2.internal>
Date:   Mon Jun 30 13:40:16 2025 +0000

    chnage state ID case in sql query

 groups/Cribl-OT-USE/local/cribl/jobs.yml | 4 ++--
 1 file changed, 2 insertions(+), 2 deletions(-)

commit 6e0f2213d89dc44e780ad2592337df7ae84cf3aa
Author: Cribl System <cribl@ip-10-120-119-161.ec2.internal>
Date:   Mon Jun 30 13:36:00 2025 +0000

    try another sql query structure

 groups/Cribl-OT-USE/local/cribl/jobs.yml | 4 ++--
 1 file changed, 2 insertions(+), 2 deletions(-)

commit d19b692aa1d80c8059785b4af382142fe3c745ed
Author: Cribl System <cribl@ip-10-120-119-161.ec2.internal>
Date:   Mon Jun 30 13:25:19 2025 +0000

    Alter SQL for Netops in regards to state tracking

 groups/Cribl-OT-USE/local/cribl/jobs.yml | 24 ++++++++++++------------
 1 file changed, 12 insertions(+), 12 deletions(-)

commit 77086d619ca39b9079504ab2233ada5efa4809b0
Author: Cribl System <cribl@ip-10-120-119-161.ec2.internal>
Date:   Wed Jun 25 14:49:15 2025 +0000

    Updated job schedules from every minute to every 5 minutes and adjusted associated job values in the Cribl-OT-USE workergroup

 groups/Cribl-OT-USE/local/cribl/jobs.yml | 16 ++++++++--------
 1 file changed, 8 insertions(+), 8 deletions(-)

commit 73ca568a5062deed1040e584a95aeb92e9c27959
Author: Cribl System <cribl@ip-10-120-119-161.ec2.internal>
Date:   Wed Jun 25 14:21:56 2025 +0000

    Changed job cron schedules from every 5 minutes to every 1 minute and added saved state data with databaseCollectorState IDs in the Cribl-OT-USE workergroup jobs.yml.

 groups/Cribl-OT-USE/local/cribl/jobs.yml | 32 ++++++++++++++++++++++++--------
 1 file changed, 24 insertions(+), 8 deletions(-)

commit 9bb6d4c247912cb980a82b3b218129ad8777c616
Author: Cribl System <cribl@ip-10-120-119-161.ec2.internal>
Date:   Wed Jun 25 14:14:40 2025 +0000

    Enabled multiple jobs and added a new TCP input source listening on port 10071 in the Cribl-OT-USE workergroup

 groups/Cribl-OT-USE/local/cribl/inputs.yml | 16 ++++++++++++++++
 groups/Cribl-OT-USE/local/cribl/jobs.yml   | 10 +++++-----
 2 files changed, 21 insertions(+), 5 deletions(-)

commit abdc84c42e6b86c223545b392096e8836047b8cb
Author: Cribl System <cribl@ip-10-120-119-161.ec2.internal>
Date:   Mon Jun 23 14:34:59 2025 +0000

    SHARPR@airproducts.com: netops sourcetype change to be consistent with splunk

 groups/Cribl-OT-USE/local/cribl/pipelines/Netops/conf.yml | 2 +-
 1 file changed, 1 insertion(+), 1 deletion(-)

commit aa765615a3e39572053a035cd5dc1b11329fa9a6
Author: Cribl System <cribl@ip-10-120-119-161.ec2.internal>
Date:   Mon Jun 23 14:30:01 2025 +0000

    SHARPR@airproducts.com: netops route and pipeline staged

 groups/Cribl-OT-USE/data/samples/30QySa.json       |  1 +
 groups/Cribl-OT-USE/data/samples/8gkdNL.json       |  1 +
 groups/Cribl-OT-USE/data/samples/A0nEHE.json       |  1 +
 groups/Cribl-OT-USE/data/samples/PAaU7L.json       |  1 +
 groups/Cribl-OT-USE/data/samples/xSc5b9.json       |  1 +
 groups/Cribl-OT-USE/data/samples/zBE9lQ.json       |  1 +
 .../local/cribl/pipelines/Netops/conf.yml          | 16 +++++++++
 .../Cribl-OT-USE/local/cribl/pipelines/route.yml   | 39 ++++++++++++++--------
 groups/Cribl-OT-USE/local/cribl/samples.yml        | 30 +++++++++++++++++
 9 files changed, 77 insertions(+), 14 deletions(-)

commit 88379c9f71482db403a95da5a25a560e882053e3
Author: Cribl System <cribl@ip-10-120-119-161.ec2.internal>
Date:   Mon Jun 23 14:20:43 2025 +0000

    SHARPR@airproducts.com: stage Netops collectors and database connection

 .../local/cribl/database-connections.yml           |   8 +
 groups/Cribl-OT-USE/local/cribl/jobs.yml           | 197 +++++++++++++++++++++
 2 files changed, 205 insertions(+)

commit 687a81f44386bb9b10d854dd57962304bc513e5e
Author: Cribl System <cribl@ip-10-120-119-161.ec2.internal>
Date:   Thu Jun 19 18:27:52 2025 +0000

    updating upgrademgr logging level to debug

 groups/Cribl-OT-USE/local/cribl/cribl.yml | 8 ++++++++
 local/cribl/logger.yml                    | 9 +++++++++
 2 files changed, 17 insertions(+)

commit 75989c01bd85a1672e1888230e8bb71d9f2ab2ee
Author: Cribl System <cribl@ip-10-120-119-161.ec2.internal>
Date:   Thu Jun 19 13:21:35 2025 +0000

    cribl leader upgrade

 .gitignore                                         |   12 +-
 data/lookups/xsiam_name_vendor_products.csv        |   71 +
 data/samples/sample_metrics.json                   |    2 +-
 default/cribl/ai.yml                               |    2 +
 default/cribl/breakers-search.yml                  |    2 +-
 .../cribl/collectors/azure_blob/conf.schema.json   |   49 +-
 .../collectors/azure_blob/conf.ui-schema.json      |   17 +-
 default/cribl/collectors/azure_blob/index.js       |    2 +-
 .../collectors/cribl_lake/conf.ui-schema.json      |    2 +-
 default/cribl/collectors/database/conf.schema.json |    2 +-
 .../cribl/collectors/filesystem/conf.schema.json   |   16 +-
 .../google_cloud_storage/conf.schema.json          |   28 +-
 .../cribl/collectors/health_check/conf.schema.json |   16 +-
 default/cribl/collectors/office365_mgmt/index.js   |    2 +-
 .../cribl/collectors/office365_service/index.js    |    2 +-
 default/cribl/collectors/prometheus/index.js       |    2 +-
 default/cribl/collectors/rest/conf.schema.json     |  247 +-
 default/cribl/collectors/rest/conf.ui-schema.json  |   57 +-
 default/cribl/collectors/s3/conf.schema.json       |  139 +-
 default/cribl/collectors/s3/conf.ui-schema.json    |   44 +-
 default/cribl/collectors/script/index.js           |    2 +-
 default/cribl/collectors/splunk/conf.schema.json   |   87 +-
 .../cribl/collectors/splunk/conf.ui-schema.json    |   10 +-
 .../persistent-queue-usage-source/conf.schema.json |   33 +
 .../conf.ui-schema.json                            |    8 +
 .../persistent-queue-usage-source/index.js         |    1 +
 default/cribl/conditions/search/index.js           |    2 +-
 default/cribl/executors/clear_pq/index.js          |    2 +-
 .../functions/aggregate_metrics/conf.schema.json   |  153 +
 .../aggregate_metrics/conf.ui-schema.json          |  130 +
 default/cribl/functions/aggregate_metrics/index.js |    1 +
 .../cribl/functions/aggregation/conf.schema.json   |   43 +-
 .../functions/aggregation/conf.ui-schema.json      |   12 +-
 default/cribl/functions/aggregation/index.js       |    2 +-
 .../functions/auto_timestamp/conf.schema.json      |   36 +-
 default/cribl/functions/cef/conf.schema.json       |    6 +-
 default/cribl/functions/chain/conf.schema.json     |    2 +-
 default/cribl/functions/chain/index.js             |    2 +-
 default/cribl/functions/clone/conf.schema.json     |    2 +-
 default/cribl/functions/clone/index.js             |    2 +-
 default/cribl/functions/code/conf.schema.json      |   10 +-
 default/cribl/functions/distinct/conf.schema.json  |    7 +-
 default/cribl/functions/distinct/index.js          |    2 +-
 .../cribl/functions/dns_lookup/conf.schema.json    |   30 +-
 .../cribl/functions/dns_lookup/conf.ui-schema.json |    2 +-
 .../functions/dynamic_sampling/conf.schema.json    |   20 +-
 default/cribl/functions/eval/conf.schema.json      |   13 +-
 default/cribl/functions/eval/index.js              |    2 +-
 .../cribl/functions/event_breaker/conf.schema.json |   38 +-
 default/cribl/functions/event_breaker/index.js     |    2 +-
 .../cribl/functions/eventstats/conf.schema.json    |    6 +
 default/cribl/functions/eventstats/index.js        |    2 +-
 default/cribl/functions/flatten/conf.schema.json   |    4 +-
 default/cribl/functions/foldkeys/conf.schema.json  |   14 +-
 default/cribl/functions/foldkeys/index.js          |    2 +-
 default/cribl/functions/geoip/conf.schema.json     |   17 +-
 default/cribl/functions/grok/conf.schema.json      |    4 +-
 default/cribl/functions/grok/index.js              |    2 +-
 .../cribl/functions/json_unroll/conf.schema.json   |    4 +-
 default/cribl/functions/json_unroll/index.js       |    2 +-
 default/cribl/functions/lake_export/index.js       |    2 +-
 default/cribl/functions/lookup/conf.schema.json    |  121 +-
 default/cribl/functions/lookup/conf.ui-schema.json |   15 -
 default/cribl/functions/lookup/index.js            |    2 +-
 default/cribl/functions/mask/conf.schema.json      |   21 +-
 default/cribl/functions/mv_expand/index.js         |    2 +-
 default/cribl/functions/mv_pull/conf.schema.json   |   34 +
 default/cribl/functions/mv_pull/index.js           |    1 +
 default/cribl/functions/notify/conf.schema.json    |    2 +-
 default/cribl/functions/notify/index.js            |    2 +-
 default/cribl/functions/otlp_logs/conf.schema.json |    9 +-
 .../cribl/functions/otlp_logs/conf.ui-schema.json  |   18 +
 .../cribl/functions/otlp_metrics/conf.schema.json  |   10 +-
 .../functions/otlp_metrics/conf.ui-schema.json     |   18 +
 .../cribl/functions/otlp_traces/conf.schema.json   |   10 +-
 .../functions/otlp_traces/conf.ui-schema.json      |   18 +
 .../functions/publish_metrics/conf.schema.json     |   17 +-
 default/cribl/functions/publish_metrics/index.js   |    2 +-
 default/cribl/functions/redis/conf.schema.json     |   95 +-
 default/cribl/functions/redis/index.js             |    2 +-
 .../cribl/functions/regex_extract/conf.schema.json |   12 +-
 .../cribl/functions/regex_filter/conf.schema.json  |    2 +-
 default/cribl/functions/rename/conf.schema.json    |   12 +-
 default/cribl/functions/rename/index.js            |    2 +-
 .../functions/rollup_metrics/conf.schema.json      |    6 +-
 default/cribl/functions/sampling/conf.schema.json  |    6 +-
 default/cribl/functions/send/conf.schema.json      |    6 +
 default/cribl/functions/send/index.js              |    2 +-
 default/cribl/functions/serde/conf.schema.json     |   32 +-
 default/cribl/functions/serialize/conf.schema.json |   28 +-
 .../functions/snmp_trap_serialize/conf.schema.json |  101 +
 .../snmp_trap_serialize/conf.ui-schema.json        |   47 +
 .../cribl/functions/snmp_trap_serialize/index.js   |    1 +
 default/cribl/functions/sort/conf.schema.json      |    2 +-
 default/cribl/functions/suppress/conf.schema.json  |   20 +-
 default/cribl/functions/suppress/index.js          |    2 +-
 default/cribl/functions/tee/conf.schema.json       |    9 +-
 default/cribl/functions/unroll/conf.schema.json    |    8 +-
 default/cribl/functions/unroll/index.js            |    2 +-
 .../cribl/functions/xml_unroll/conf.schema.json    |   14 +-
 default/cribl/functions/xml_unroll/index.js        |    2 +-
 default/cribl/iometrics.yml                        |    2 +
 default/cribl/ipfix-information-elements.yml       | 5447 ++++++++++++++++++++
 default/cribl/limits.yml                           |    8 +-
 default/cribl/notification-templates.yml           |   23 +
 default/cribl/policies.yml                         |   41 +-
 default/cribl/roles.yml                            |    5 +-
 default/cribl/saved-queries.yml                    |    2 +
 default/cribl/service.yml                          |    7 +-
 .../data/lookups/xsiam_name_vendor_products.csv    |   71 +
 .../data/samples/sample_metrics.json               |    2 +-
 groups/Cribl-OT-Frankfurt/default/cribl/ai.yml     |    2 +
 .../cribl/collectors/azure_blob/conf.schema.json   |   49 +-
 .../collectors/azure_blob/conf.ui-schema.json      |   17 +-
 .../default/cribl/collectors/azure_blob/index.js   |    2 +-
 .../collectors/cribl_lake/conf.ui-schema.json      |    2 +-
 .../cribl/collectors/database/conf.schema.json     |    2 +-
 .../cribl/collectors/filesystem/conf.schema.json   |   16 +-
 .../google_cloud_storage/conf.schema.json          |   28 +-
 .../cribl/collectors/health_check/conf.schema.json |   16 +-
 .../cribl/collectors/office365_mgmt/index.js       |    2 +-
 .../cribl/collectors/office365_service/index.js    |    2 +-
 .../default/cribl/collectors/prometheus/index.js   |    2 +-
 .../default/cribl/collectors/rest/conf.schema.json |  247 +-
 .../cribl/collectors/rest/conf.ui-schema.json      |   57 +-
 .../default/cribl/collectors/s3/conf.schema.json   |  139 +-
 .../cribl/collectors/s3/conf.ui-schema.json        |   44 +-
 .../default/cribl/collectors/script/index.js       |    2 +-
 .../cribl/collectors/splunk/conf.schema.json       |   87 +-
 .../cribl/collectors/splunk/conf.ui-schema.json    |   10 +-
 .../persistent-queue-usage-source/conf.schema.json |   33 +
 .../conf.ui-schema.json                            |    8 +
 .../persistent-queue-usage-source/index.js         |    1 +
 .../default/cribl/conditions/search/index.js       |    2 +-
 .../default/cribl/executors/clear_pq/index.js      |    2 +-
 .../functions/aggregate_metrics/conf.schema.json   |  153 +
 .../aggregate_metrics/conf.ui-schema.json          |  130 +
 .../cribl/functions/aggregate_metrics/index.js     |    1 +
 .../cribl/functions/aggregation/conf.schema.json   |   43 +-
 .../functions/aggregation/conf.ui-schema.json      |   12 +-
 .../default/cribl/functions/aggregation/index.js   |    2 +-
 .../functions/auto_timestamp/conf.schema.json      |   36 +-
 .../default/cribl/functions/cef/conf.schema.json   |    6 +-
 .../default/cribl/functions/chain/conf.schema.json |    2 +-
 .../default/cribl/functions/chain/index.js         |    2 +-
 .../default/cribl/functions/clone/conf.schema.json |    2 +-
 .../default/cribl/functions/clone/index.js         |    2 +-
 .../default/cribl/functions/code/conf.schema.json  |   10 +-
 .../cribl/functions/distinct/conf.schema.json      |    7 +-
 .../default/cribl/functions/distinct/index.js      |    2 +-
 .../cribl/functions/dns_lookup/conf.schema.json    |   30 +-
 .../cribl/functions/dns_lookup/conf.ui-schema.json |    2 +-
 .../functions/dynamic_sampling/conf.schema.json    |   20 +-
 .../default/cribl/functions/eval/conf.schema.json  |   13 +-
 .../default/cribl/functions/eval/index.js          |    2 +-
 .../cribl/functions/event_breaker/conf.schema.json |   38 +-
 .../default/cribl/functions/event_breaker/index.js |    2 +-
 .../cribl/functions/eventstats/conf.schema.json    |    6 +
 .../default/cribl/functions/eventstats/index.js    |    2 +-
 .../cribl/functions/flatten/conf.schema.json       |    4 +-
 .../cribl/functions/foldkeys/conf.schema.json      |   14 +-
 .../default/cribl/functions/foldkeys/index.js      |    2 +-
 .../default/cribl/functions/geoip/conf.schema.json |   17 +-
 .../default/cribl/functions/grok/conf.schema.json  |    4 +-
 .../default/cribl/functions/grok/index.js          |    2 +-
 .../cribl/functions/json_unroll/conf.schema.json   |    4 +-
 .../default/cribl/functions/json_unroll/index.js   |    2 +-
 .../default/cribl/functions/lake_export/index.js   |    2 +-
 .../cribl/functions/lookup/conf.schema.json        |  121 +-
 .../cribl/functions/lookup/conf.ui-schema.json     |   15 -
 .../default/cribl/functions/lookup/index.js        |    2 +-
 .../default/cribl/functions/mask/conf.schema.json  |   21 +-
 .../default/cribl/functions/mv_expand/index.js     |    2 +-
 .../cribl/functions/mv_pull/conf.schema.json       |   34 +
 .../default/cribl/functions/mv_pull/index.js       |    1 +
 .../cribl/functions/notify/conf.schema.json        |    2 +-
 .../default/cribl/functions/notify/index.js        |    2 +-
 .../cribl/functions/otlp_logs/conf.schema.json     |    9 +-
 .../cribl/functions/otlp_logs/conf.ui-schema.json  |   18 +
 .../cribl/functions/otlp_metrics/conf.schema.json  |   10 +-
 .../functions/otlp_metrics/conf.ui-schema.json     |   18 +
 .../cribl/functions/otlp_traces/conf.schema.json   |   10 +-
 .../functions/otlp_traces/conf.ui-schema.json      |   18 +
 .../functions/publish_metrics/conf.schema.json     |   17 +-
 .../cribl/functions/publish_metrics/index.js       |    2 +-
 .../default/cribl/functions/redis/conf.schema.json |   95 +-
 .../default/cribl/functions/redis/index.js         |    2 +-
 .../cribl/functions/regex_extract/conf.schema.json |   12 +-
 .../cribl/functions/regex_filter/conf.schema.json  |    2 +-
 .../cribl/functions/rename/conf.schema.json        |   12 +-
 .../default/cribl/functions/rename/index.js        |    2 +-
 .../functions/rollup_metrics/conf.schema.json      |    6 +-
 .../cribl/functions/sampling/conf.schema.json      |    6 +-
 .../default/cribl/functions/send/conf.schema.json  |    6 +
 .../default/cribl/functions/send/index.js          |    2 +-
 .../default/cribl/functions/serde/conf.schema.json |   32 +-
 .../cribl/functions/serialize/conf.schema.json     |   28 +-
 .../functions/snmp_trap_serialize/conf.schema.json |  101 +
 .../snmp_trap_serialize/conf.ui-schema.json        |   47 +
 .../cribl/functions/snmp_trap_serialize/index.js   |    1 +
 .../default/cribl/functions/sort/conf.schema.json  |    2 +-
 .../cribl/functions/suppress/conf.schema.json      |   20 +-
 .../default/cribl/functions/suppress/index.js      |    2 +-
 .../default/cribl/functions/tee/conf.schema.json   |    9 +-
 .../cribl/functions/unroll/conf.schema.json        |    8 +-
 .../default/cribl/functions/unroll/index.js        |    2 +-
 .../cribl/functions/xml_unroll/conf.schema.json    |   14 +-
 .../default/cribl/functions/xml_unroll/index.js    |    2 +-
 .../Cribl-OT-Frankfurt/default/cribl/iometrics.yml |    2 +
 .../default/cribl/ipfix-information-elements.yml   | 5447 ++++++++++++++++++++
 groups/Cribl-OT-Frankfurt/default/cribl/limits.yml |    8 +-
 .../default/cribl/notification-templates.yml       |   23 +
 .../Cribl-OT-Frankfurt/default/cribl/policies.yml  |   41 +-
 groups/Cribl-OT-Frankfurt/default/cribl/roles.yml  |    5 +-
 .../default/cribl/saved-queries.yml                |    2 +
 .../Cribl-OT-Frankfurt/default/cribl/service.yml   |    7 +-
 .../data/lookups/xsiam_name_vendor_products.csv    |   71 +
 .../Cribl-OT-SG/data/samples/sample_metrics.json   |    2 +-
 groups/Cribl-OT-SG/default/cribl/ai.yml            |    2 +
 .../cribl/collectors/azure_blob/conf.schema.json   |   49 +-
 .../collectors/azure_blob/conf.ui-schema.json      |   17 +-
 .../default/cribl/collectors/azure_blob/index.js   |    2 +-
 .../collectors/cribl_lake/conf.ui-schema.json      |    2 +-
 .../cribl/collectors/database/conf.schema.json     |    2 +-
 .../cribl/collectors/filesystem/conf.schema.json   |   16 +-
 .../google_cloud_storage/conf.schema.json          |   28 +-
 .../cribl/collectors/health_check/conf.schema.json |   16 +-
 .../cribl/collectors/office365_mgmt/index.js       |    2 +-
 .../cribl/collectors/office365_service/index.js    |    2 +-
 .../default/cribl/collectors/prometheus/index.js   |    2 +-
 .../default/cribl/collectors/rest/conf.schema.json |  247 +-
 .../cribl/collectors/rest/conf.ui-schema.json      |   57 +-
 .../default/cribl/collectors/s3/conf.schema.json   |  139 +-
 .../cribl/collectors/s3/conf.ui-schema.json        |   44 +-
 .../default/cribl/collectors/script/index.js       |    2 +-
 .../cribl/collectors/splunk/conf.schema.json       |   87 +-
 .../cribl/collectors/splunk/conf.ui-schema.json    |   10 +-
 .../persistent-queue-usage-source/conf.schema.json |   33 +
 .../conf.ui-schema.json                            |    8 +
 .../persistent-queue-usage-source/index.js         |    1 +
 .../default/cribl/conditions/search/index.js       |    2 +-
 .../default/cribl/executors/clear_pq/index.js      |    2 +-
 .../functions/aggregate_metrics/conf.schema.json   |  153 +
 .../aggregate_metrics/conf.ui-schema.json          |  130 +
 .../cribl/functions/aggregate_metrics/index.js     |    1 +
 .../cribl/functions/aggregation/conf.schema.json   |   43 +-
 .../functions/aggregation/conf.ui-schema.json      |   12 +-
 .../default/cribl/functions/aggregation/index.js   |    2 +-
 .../functions/auto_timestamp/conf.schema.json      |   36 +-
 .../default/cribl/functions/cef/conf.schema.json   |    6 +-
 .../default/cribl/functions/chain/conf.schema.json |    2 +-
 .../default/cribl/functions/chain/index.js         |    2 +-
 .../default/cribl/functions/clone/conf.schema.json |    2 +-
 .../default/cribl/functions/clone/index.js         |    2 +-
 .../default/cribl/functions/code/conf.schema.json  |   10 +-
 .../cribl/functions/distinct/conf.schema.json      |    7 +-
 .../default/cribl/functions/distinct/index.js      |    2 +-
 .../cribl/functions/dns_lookup/conf.schema.json    |   30 +-
 .../cribl/functions/dns_lookup/conf.ui-schema.json |    2 +-
 .../functions/dynamic_sampling/conf.schema.json    |   20 +-
 .../default/cribl/functions/eval/conf.schema.json  |   13 +-
 .../default/cribl/functions/eval/index.js          |    2 +-
 .../cribl/functions/event_breaker/conf.schema.json |   38 +-
 .../default/cribl/functions/event_breaker/index.js |    2 +-
 .../cribl/functions/eventstats/conf.schema.json    |    6 +
 .../default/cribl/functions/eventstats/index.js    |    2 +-
 .../cribl/functions/flatten/conf.schema.json       |    4 +-
 .../cribl/functions/foldkeys/conf.schema.json      |   14 +-
 .../default/cribl/functions/foldkeys/index.js      |    2 +-
 .../default/cribl/functions/geoip/conf.schema.json |   17 +-
 .../default/cribl/functions/grok/conf.schema.json  |    4 +-
 .../default/cribl/functions/grok/index.js          |    2 +-
 .../cribl/functions/json_unroll/conf.schema.json   |    4 +-
 .../default/cribl/functions/json_unroll/index.js   |    2 +-
 .../default/cribl/functions/lake_export/index.js   |    2 +-
 .../cribl/functions/lookup/conf.schema.json        |  121 +-
 .../cribl/functions/lookup/conf.ui-schema.json     |   15 -
 .../default/cribl/functions/lookup/index.js        |    2 +-
 .../default/cribl/functions/mask/conf.schema.json  |   21 +-
 .../default/cribl/functions/mv_expand/index.js     |    2 +-
 .../cribl/functions/mv_pull/conf.schema.json       |   34 +
 .../default/cribl/functions/mv_pull/index.js       |    1 +
 .../cribl/functions/notify/conf.schema.json        |    2 +-
 .../default/cribl/functions/notify/index.js        |    2 +-
 .../cribl/functions/otlp_logs/conf.schema.json     |    9 +-
 .../cribl/functions/otlp_logs/conf.ui-schema.json  |   18 +
 .../cribl/functions/otlp_metrics/conf.schema.json  |   10 +-
 .../functions/otlp_metrics/conf.ui-schema.json     |   18 +
 .../cribl/functions/otlp_traces/conf.schema.json   |   10 +-
 .../functions/otlp_traces/conf.ui-schema.json      |   18 +
 .../functions/publish_metrics/conf.schema.json     |   17 +-
 .../cribl/functions/publish_metrics/index.js       |    2 +-
 .../default/cribl/functions/redis/conf.schema.json |   95 +-
 .../default/cribl/functions/redis/index.js         |    2 +-
 .../cribl/functions/regex_extract/conf.schema.json |   12 +-
 .../cribl/functions/regex_filter/conf.schema.json  |    2 +-
 .../cribl/functions/rename/conf.schema.json        |   12 +-
 .../default/cribl/functions/rename/index.js        |    2 +-
 .../functions/rollup_metrics/conf.schema.json      |    6 +-
 .../cribl/functions/sampling/conf.schema.json      |    6 +-
 .../default/cribl/functions/send/conf.schema.json  |    6 +
 .../default/cribl/functions/send/index.js          |    2 +-
 .../default/cribl/functions/serde/conf.schema.json |   32 +-
 .../cribl/functions/serialize/conf.schema.json     |   28 +-
 .../functions/snmp_trap_serialize/conf.schema.json |  101 +
 .../snmp_trap_serialize/conf.ui-schema.json        |   47 +
 .../cribl/functions/snmp_trap_serialize/index.js   |    1 +
 .../default/cribl/functions/sort/conf.schema.json  |    2 +-
 .../cribl/functions/suppress/conf.schema.json      |   20 +-
 .../default/cribl/functions/suppress/index.js      |    2 +-
 .../default/cribl/functions/tee/conf.schema.json   |    9 +-
 .../cribl/functions/unroll/conf.schema.json        |    8 +-
 .../default/cribl/functions/unroll/index.js        |    2 +-
 .../cribl/functions/xml_unroll/conf.schema.json    |   14 +-
 .../default/cribl/functions/xml_unroll/index.js    |    2 +-
 groups/Cribl-OT-SG/default/cribl/iometrics.yml     |    2 +
 .../default/cribl/ipfix-information-elements.yml   | 5447 ++++++++++++++++++++
 groups/Cribl-OT-SG/default/cribl/limits.yml        |    8 +-
 .../default/cribl/notification-templates.yml       |   23 +
 groups/Cribl-OT-SG/default/cribl/policies.yml      |   41 +-
 groups/Cribl-OT-SG/default/cribl/roles.yml         |    5 +-
 groups/Cribl-OT-SG/default/cribl/saved-queries.yml |    2 +
 groups/Cribl-OT-SG/default/cribl/service.yml       |    7 +-
 .../data/lookups/xsiam_name_vendor_products.csv    |   71 +
 .../Cribl-OT-USE/data/samples/sample_metrics.json  |    2 +-
 groups/Cribl-OT-USE/default/cribl/ai.yml           |    2 +
 .../cribl/collectors/azure_blob/conf.schema.json   |   49 +-
 .../collectors/azure_blob/conf.ui-schema.json      |   17 +-
 .../default/cribl/collectors/azure_blob/index.js   |    2 +-
 .../collectors/cribl_lake/conf.ui-schema.json      |    2 +-
 .../cribl/collectors/database/conf.schema.json     |    2 +-
 .../cribl/collectors/filesystem/conf.schema.json   |   16 +-
 .../google_cloud_storage/conf.schema.json          |   28 +-
 .../cribl/collectors/health_check/conf.schema.json |   16 +-
 .../cribl/collectors/office365_mgmt/index.js       |    2 +-
 .../cribl/collectors/office365_service/index.js    |    2 +-
 .../default/cribl/collectors/prometheus/index.js   |    2 +-
 .../default/cribl/collectors/rest/conf.schema.json |  247 +-
 .../cribl/collectors/rest/conf.ui-schema.json      |   57 +-
 .../default/cribl/collectors/s3/conf.schema.json   |  139 +-
 .../cribl/collectors/s3/conf.ui-schema.json        |   44 +-
 .../default/cribl/collectors/script/index.js       |    2 +-
 .../cribl/collectors/splunk/conf.schema.json       |   87 +-
 .../cribl/collectors/splunk/conf.ui-schema.json    |   10 +-
 .../persistent-queue-usage-source/conf.schema.json |   33 +
 .../conf.ui-schema.json                            |    8 +
 .../persistent-queue-usage-source/index.js         |    1 +
 .../default/cribl/conditions/search/index.js       |    2 +-
 .../default/cribl/executors/clear_pq/index.js      |    2 +-
 .../functions/aggregate_metrics/conf.schema.json   |  153 +
 .../aggregate_metrics/conf.ui-schema.json          |  130 +
 .../cribl/functions/aggregate_metrics/index.js     |    1 +
 .../cribl/functions/aggregation/conf.schema.json   |   43 +-
 .../functions/aggregation/conf.ui-schema.json      |   12 +-
 .../default/cribl/functions/aggregation/index.js   |    2 +-
 .../functions/auto_timestamp/conf.schema.json      |   36 +-
 .../default/cribl/functions/cef/conf.schema.json   |    6 +-
 .../default/cribl/functions/chain/conf.schema.json |    2 +-
 .../default/cribl/functions/chain/index.js         |    2 +-
 .../default/cribl/functions/clone/conf.schema.json |    2 +-
 .../default/cribl/functions/clone/index.js         |    2 +-
 .../default/cribl/functions/code/conf.schema.json  |   10 +-
 .../cribl/functions/distinct/conf.schema.json      |    7 +-
 .../default/cribl/functions/distinct/index.js      |    2 +-
 .../cribl/functions/dns_lookup/conf.schema.json    |   30 +-
 .../cribl/functions/dns_lookup/conf.ui-schema.json |    2 +-
 .../functions/dynamic_sampling/conf.schema.json    |   20 +-
 .../default/cribl/functions/eval/conf.schema.json  |   13 +-
 .../default/cribl/functions/eval/index.js          |    2 +-
 .../cribl/functions/event_breaker/conf.schema.json |   38 +-
 .../default/cribl/functions/event_breaker/index.js |    2 +-
 .../cribl/functions/eventstats/conf.schema.json    |    6 +
 .../default/cribl/functions/eventstats/index.js    |    2 +-
 .../cribl/functions/flatten/conf.schema.json       |    4 +-
 .../cribl/functions/foldkeys/conf.schema.json      |   14 +-
 .../default/cribl/functions/foldkeys/index.js      |    2 +-
 .../default/cribl/functions/geoip/conf.schema.json |   17 +-
 .../default/cribl/functions/grok/conf.schema.json  |    4 +-
 .../default/cribl/functions/grok/index.js          |    2 +-
 .../cribl/functions/json_unroll/conf.schema.json   |    4 +-
 .../default/cribl/functions/json_unroll/index.js   |    2 +-
 .../default/cribl/functions/lake_export/index.js   |    2 +-
 .../cribl/functions/lookup/conf.schema.json        |  121 +-
 .../cribl/functions/lookup/conf.ui-schema.json     |   15 -
 .../default/cribl/functions/lookup/index.js        |    2 +-
 .../default/cribl/functions/mask/conf.schema.json  |   21 +-
 .../default/cribl/functions/mv_expand/index.js     |    2 +-
 .../cribl/functions/mv_pull/conf.schema.json       |   34 +
 .../default/cribl/functions/mv_pull/index.js       |    1 +
 .../cribl/functions/notify/conf.schema.json        |    2 +-
 .../default/cribl/functions/notify/index.js        |    2 +-
 .../cribl/functions/otlp_logs/conf.schema.json     |    9 +-
 .../cribl/functions/otlp_logs/conf.ui-schema.json  |   18 +
 .../cribl/functions/otlp_metrics/conf.schema.json  |   10 +-
 .../functions/otlp_metrics/conf.ui-schema.json     |   18 +
 .../cribl/functions/otlp_traces/conf.schema.json   |   10 +-
 .../functions/otlp_traces/conf.ui-schema.json      |   18 +
 .../functions/publish_metrics/conf.schema.json     |   17 +-
 .../cribl/functions/publish_metrics/index.js       |    2 +-
 .../default/cribl/functions/redis/conf.schema.json |   95 +-
 .../default/cribl/functions/redis/index.js         |    2 +-
 .../cribl/functions/regex_extract/conf.schema.json |   12 +-
 .../cribl/functions/regex_filter/conf.schema.json  |    2 +-
 .../cribl/functions/rename/conf.schema.json        |   12 +-
 .../default/cribl/functions/rename/index.js        |    2 +-
 .../functions/rollup_metrics/conf.schema.json      |    6 +-
 .../cribl/functions/sampling/conf.schema.json      |    6 +-
 .../default/cribl/functions/send/conf.schema.json  |    6 +
 .../default/cribl/functions/send/index.js          |    2 +-
 .../default/cribl/functions/serde/conf.schema.json |   32 +-
 .../cribl/functions/serialize/conf.schema.json     |   28 +-
 .../functions/snmp_trap_serialize/conf.schema.json |  101 +
 .../snmp_trap_serialize/conf.ui-schema.json        |   47 +
 .../cribl/functions/snmp_trap_serialize/index.js   |    1 +
 .../default/cribl/functions/sort/conf.schema.json  |    2 +-
 .../cribl/functions/suppress/conf.schema.json      |   20 +-
 .../default/cribl/functions/suppress/index.js      |    2 +-
 .../default/cribl/functions/tee/conf.schema.json   |    9 +-
 .../cribl/functions/unroll/conf.schema.json        |    8 +-
 .../default/cribl/functions/unroll/index.js        |    2 +-
 .../cribl/functions/xml_unroll/conf.schema.json    |   14 +-
 .../default/cribl/functions/xml_unroll/index.js    |    2 +-
 groups/Cribl-OT-USE/default/cribl/iometrics.yml    |    2 +
 .../default/cribl/ipfix-information-elements.yml   | 5447 ++++++++++++++++++++
 groups/Cribl-OT-USE/default/cribl/limits.yml       |    8 +-
 .../default/cribl/notification-templates.yml       |   23 +
 groups/Cribl-OT-USE/default/cribl/policies.yml     |   41 +-
 groups/Cribl-OT-USE/default/cribl/roles.yml        |    5 +-
 .../Cribl-OT-USE/default/cribl/saved-queries.yml   |    2 +
 groups/Cribl-OT-USE/default/cribl/service.yml      |    7 +-
 .../local/cribl/database-connections.yml           |    6 +
 groups/Cribl-OT-USE/local/cribl/secrets.yml        |    6 +
 .../data/lookups/xsiam_name_vendor_products.csv    |   71 +
 .../data/samples/sample_metrics.json               |    2 +-
 groups/Cribl_OT_Lab_HQ/default/cribl/ai.yml        |    2 +
 .../cribl/collectors/azure_blob/conf.schema.json   |   49 +-
 .../collectors/azure_blob/conf.ui-schema.json      |   17 +-
 .../default/cribl/collectors/azure_blob/index.js   |    2 +-
 .../collectors/cribl_lake/conf.ui-schema.json      |    2 +-
 .../cribl/collectors/database/conf.schema.json     |    2 +-
 .../cribl/collectors/filesystem/conf.schema.json   |   16 +-
 .../google_cloud_storage/conf.schema.json          |   28 +-
 .../cribl/collectors/health_check/conf.schema.json |   16 +-
 .../cribl/collectors/office365_mgmt/index.js       |    2 +-
 .../cribl/collectors/office365_service/index.js    |    2 +-
 .../default/cribl/collectors/prometheus/index.js   |    2 +-
 .../default/cribl/collectors/rest/conf.schema.json |  247 +-
 .../cribl/collectors/rest/conf.ui-schema.json      |   57 +-
 .../default/cribl/collectors/s3/conf.schema.json   |  139 +-
 .../cribl/collectors/s3/conf.ui-schema.json        |   44 +-
 .../default/cribl/collectors/script/index.js       |    2 +-
 .../cribl/collectors/splunk/conf.schema.json       |   87 +-
 .../cribl/collectors/splunk/conf.ui-schema.json    |   10 +-
 .../persistent-queue-usage-source/conf.schema.json |   33 +
 .../conf.ui-schema.json                            |    8 +
 .../persistent-queue-usage-source/index.js         |    1 +
 .../default/cribl/conditions/search/index.js       |    2 +-
 .../default/cribl/executors/clear_pq/index.js      |    2 +-
 .../functions/aggregate_metrics/conf.schema.json   |  153 +
 .../aggregate_metrics/conf.ui-schema.json          |  130 +
 .../cribl/functions/aggregate_metrics/index.js     |    1 +
 .../cribl/functions/aggregation/conf.schema.json   |   43 +-
 .../functions/aggregation/conf.ui-schema.json      |   12 +-
 .../default/cribl/functions/aggregation/index.js   |    2 +-
 .../functions/auto_timestamp/conf.schema.json      |   36 +-
 .../default/cribl/functions/cef/conf.schema.json   |    6 +-
 .../default/cribl/functions/chain/conf.schema.json |    2 +-
 .../default/cribl/functions/chain/index.js         |    2 +-
 .../default/cribl/functions/clone/conf.schema.json |    2 +-
 .../default/cribl/functions/clone/index.js         |    2 +-
 .../default/cribl/functions/code/conf.schema.json  |   10 +-
 .../cribl/functions/distinct/conf.schema.json      |    7 +-
 .../default/cribl/functions/distinct/index.js      |    2 +-
 .../cribl/functions/dns_lookup/conf.schema.json    |   30 +-
 .../cribl/functions/dns_lookup/conf.ui-schema.json |    2 +-
 .../functions/dynamic_sampling/conf.schema.json    |   20 +-
 .../default/cribl/functions/eval/conf.schema.json  |   13 +-
 .../default/cribl/functions/eval/index.js          |    2 +-
 .../cribl/functions/event_breaker/conf.schema.json |   38 +-
 .../default/cribl/functions/event_breaker/index.js |    2 +-
 .../cribl/functions/eventstats/conf.schema.json    |    6 +
 .../default/cribl/functions/eventstats/index.js    |    2 +-
 .../cribl/functions/flatten/conf.schema.json       |    4 +-
 .../cribl/functions/foldkeys/conf.schema.json      |   14 +-
 .../default/cribl/functions/foldkeys/index.js      |    2 +-
 .../default/cribl/functions/geoip/conf.schema.json |   17 +-
 .../default/cribl/functions/grok/conf.schema.json  |    4 +-
 .../default/cribl/functions/grok/index.js          |    2 +-
 .../cribl/functions/json_unroll/conf.schema.json   |    4 +-
 .../default/cribl/functions/json_unroll/index.js   |    2 +-
 .../default/cribl/functions/lake_export/index.js   |    2 +-
 .../cribl/functions/lookup/conf.schema.json        |  121 +-
 .../cribl/functions/lookup/conf.ui-schema.json     |   15 -
 .../default/cribl/functions/lookup/index.js        |    2 +-
 .../default/cribl/functions/mask/conf.schema.json  |   21 +-
 .../default/cribl/functions/mv_expand/index.js     |    2 +-
 .../cribl/functions/mv_pull/conf.schema.json       |   34 +
 .../default/cribl/functions/mv_pull/index.js       |    1 +
 .../cribl/functions/notify/conf.schema.json        |    2 +-
 .../default/cribl/functions/notify/index.js        |    2 +-
 .../cribl/functions/otlp_logs/conf.schema.json     |    9 +-
 .../cribl/functions/otlp_logs/conf.ui-schema.json  |   18 +
 .../cribl/functions/otlp_metrics/conf.schema.json  |   10 +-
 .../functions/otlp_metrics/conf.ui-schema.json     |   18 +
 .../cribl/functions/otlp_traces/conf.schema.json   |   10 +-
 .../functions/otlp_traces/conf.ui-schema.json      |   18 +
 .../functions/publish_metrics/conf.schema.json     |   17 +-
 .../cribl/functions/publish_metrics/index.js       |    2 +-
 .../default/cribl/functions/redis/conf.schema.json |   95 +-
 .../default/cribl/functions/redis/index.js         |    2 +-
 .../cribl/functions/regex_extract/conf.schema.json |   12 +-
 .../cribl/functions/regex_filter/conf.schema.json  |    2 +-
 .../cribl/functions/rename/conf.schema.json        |   12 +-
 .../default/cribl/functions/rename/index.js        |    2 +-
 .../functions/rollup_metrics/conf.schema.json      |    6 +-
 .../cribl/functions/sampling/conf.schema.json      |    6 +-
 .../default/cribl/functions/send/conf.schema.json  |    6 +
 .../default/cribl/functions/send/index.js          |    2 +-
 .../default/cribl/functions/serde/conf.schema.json |   32 +-
 .../cribl/functions/serialize/conf.schema.json     |   28 +-
 .../functions/snmp_trap_serialize/conf.schema.json |  101 +
 .../snmp_trap_serialize/conf.ui-schema.json        |   47 +
 .../cribl/functions/snmp_trap_serialize/index.js   |    1 +
 .../default/cribl/functions/sort/conf.schema.json  |    2 +-
 .../cribl/functions/suppress/conf.schema.json      |   20 +-
 .../default/cribl/functions/suppress/index.js      |    2 +-
 .../default/cribl/functions/tee/conf.schema.json   |    9 +-
 .../cribl/functions/unroll/conf.schema.json        |    8 +-
 .../default/cribl/functions/unroll/index.js        |    2 +-
 .../cribl/functions/xml_unroll/conf.schema.json    |   14 +-
 .../default/cribl/functions/xml_unroll/index.js    |    2 +-
 groups/Cribl_OT_Lab_HQ/default/cribl/iometrics.yml |    2 +
 .../default/cribl/ipfix-information-elements.yml   | 5447 ++++++++++++++++++++
 groups/Cribl_OT_Lab_HQ/default/cribl/limits.yml    |    8 +-
 .../default/cribl/notification-templates.yml       |   23 +
 groups/Cribl_OT_Lab_HQ/default/cribl/policies.yml  |   41 +-
 groups/Cribl_OT_Lab_HQ/default/cribl/roles.yml     |    5 +-
 .../default/cribl/saved-queries.yml                |    2 +
 groups/Cribl_OT_Lab_HQ/default/cribl/service.yml   |    7 +-
 .../data/lookups/xsiam_name_vendor_products.csv    |   71 +
 groups/default/data/samples/sample_metrics.json    |    2 +-
 groups/default/default/cribl/ai.yml                |    2 +
 .../cribl/collectors/azure_blob/conf.schema.json   |   49 +-
 .../collectors/azure_blob/conf.ui-schema.json      |   17 +-
 .../default/cribl/collectors/azure_blob/index.js   |    2 +-
 .../collectors/cribl_lake/conf.ui-schema.json      |    2 +-
 .../cribl/collectors/database/conf.schema.json     |    2 +-
 .../cribl/collectors/filesystem/conf.schema.json   |   16 +-
 .../google_cloud_storage/conf.schema.json          |   28 +-
 .../cribl/collectors/health_check/conf.schema.json |   16 +-
 .../cribl/collectors/office365_mgmt/index.js       |    2 +-
 .../cribl/collectors/office365_service/index.js    |    2 +-
 .../default/cribl/collectors/prometheus/index.js   |    2 +-
 .../default/cribl/collectors/rest/conf.schema.json |  247 +-
 .../cribl/collectors/rest/conf.ui-schema.json      |   57 +-
 .../default/cribl/collectors/s3/conf.schema.json   |  139 +-
 .../cribl/collectors/s3/conf.ui-schema.json        |   44 +-
 .../default/cribl/collectors/script/index.js       |    2 +-
 .../cribl/collectors/splunk/conf.schema.json       |   87 +-
 .../cribl/collectors/splunk/conf.ui-schema.json    |   10 +-
 .../persistent-queue-usage-source/conf.schema.json |   33 +
 .../conf.ui-schema.json                            |    8 +
 .../persistent-queue-usage-source/index.js         |    1 +
 .../default/cribl/conditions/search/index.js       |    2 +-
 .../default/cribl/executors/clear_pq/index.js      |    2 +-
 .../functions/aggregate_metrics/conf.schema.json   |  153 +
 .../aggregate_metrics/conf.ui-schema.json          |  130 +
 .../cribl/functions/aggregate_metrics/index.js     |    1 +
 .../cribl/functions/aggregation/conf.schema.json   |   43 +-
 .../functions/aggregation/conf.ui-schema.json      |   12 +-
 .../default/cribl/functions/aggregation/index.js   |    2 +-
 .../functions/auto_timestamp/conf.schema.json      |   36 +-
 .../default/cribl/functions/cef/conf.schema.json   |    6 +-
 .../default/cribl/functions/chain/conf.schema.json |    2 +-
 .../default/default/cribl/functions/chain/index.js |    2 +-
 .../default/cribl/functions/clone/conf.schema.json |    2 +-
 .../default/default/cribl/functions/clone/index.js |    2 +-
 .../default/cribl/functions/code/conf.schema.json  |   10 +-
 .../cribl/functions/distinct/conf.schema.json      |    7 +-
 .../default/cribl/functions/distinct/index.js      |    2 +-
 .../cribl/functions/dns_lookup/conf.schema.json    |   30 +-
 .../cribl/functions/dns_lookup/conf.ui-schema.json |    2 +-
 .../functions/dynamic_sampling/conf.schema.json    |   20 +-
 .../default/cribl/functions/eval/conf.schema.json  |   13 +-
 .../default/default/cribl/functions/eval/index.js  |    2 +-
 .../cribl/functions/event_breaker/conf.schema.json |   38 +-
 .../default/cribl/functions/event_breaker/index.js |    2 +-
 .../cribl/functions/eventstats/conf.schema.json    |    6 +
 .../default/cribl/functions/eventstats/index.js    |    2 +-
 .../cribl/functions/flatten/conf.schema.json       |    4 +-
 .../cribl/functions/foldkeys/conf.schema.json      |   14 +-
 .../default/cribl/functions/foldkeys/index.js      |    2 +-
 .../default/cribl/functions/geoip/conf.schema.json |   17 +-
 .../default/cribl/functions/grok/conf.schema.json  |    4 +-
 .../default/default/cribl/functions/grok/index.js  |    2 +-
 .../cribl/functions/json_unroll/conf.schema.json   |    4 +-
 .../default/cribl/functions/json_unroll/index.js   |    2 +-
 .../default/cribl/functions/lake_export/index.js   |    2 +-
 .../cribl/functions/lookup/conf.schema.json        |  121 +-
 .../cribl/functions/lookup/conf.ui-schema.json     |   15 -
 .../default/cribl/functions/lookup/index.js        |    2 +-
 .../default/cribl/functions/mask/conf.schema.json  |   21 +-
 .../default/cribl/functions/mv_expand/index.js     |    2 +-
 .../cribl/functions/mv_pull/conf.schema.json       |   34 +
 .../default/cribl/functions/mv_pull/index.js       |    1 +
 .../cribl/functions/notify/conf.schema.json        |    2 +-
 .../default/cribl/functions/notify/index.js        |    2 +-
 .../cribl/functions/otlp_logs/conf.schema.json     |    9 +-
 .../cribl/functions/otlp_logs/conf.ui-schema.json  |   18 +
 .../cribl/functions/otlp_metrics/conf.schema.json  |   10 +-
 .../functions/otlp_metrics/conf.ui-schema.json     |   18 +
 .../cribl/functions/otlp_traces/conf.schema.json   |   10 +-
 .../functions/otlp_traces/conf.ui-schema.json      |   18 +
 .../functions/publish_metrics/conf.schema.json     |   17 +-
 .../cribl/functions/publish_metrics/index.js       |    2 +-
 .../default/cribl/functions/redis/conf.schema.json |   95 +-
 .../default/default/cribl/functions/redis/index.js |    2 +-
 .../cribl/functions/regex_extract/conf.schema.json |   12 +-
 .../cribl/functions/regex_filter/conf.schema.json  |    2 +-
 .../cribl/functions/rename/conf.schema.json        |   12 +-
 .../default/cribl/functions/rename/index.js        |    2 +-
 .../functions/rollup_metrics/conf.schema.json      |    6 +-
 .../cribl/functions/sampling/conf.schema.json      |    6 +-
 .../default/cribl/functions/send/conf.schema.json  |    6 +
 .../default/default/cribl/functions/send/index.js  |    2 +-
 .../default/cribl/functions/serde/conf.schema.json |   32 +-
 .../cribl/functions/serialize/conf.schema.json     |   28 +-
 .../functions/snmp_trap_serialize/conf.schema.json |  101 +
 .../snmp_trap_serialize/conf.ui-schema.json        |   47 +
 .../cribl/functions/snmp_trap_serialize/index.js   |    1 +
 .../default/cribl/functions/sort/conf.schema.json  |    2 +-
 .../cribl/functions/suppress/conf.schema.json      |   20 +-
 .../default/cribl/functions/suppress/index.js      |    2 +-
 .../default/cribl/functions/tee/conf.schema.json   |    9 +-
 .../cribl/functions/unroll/conf.schema.json        |    8 +-
 .../default/cribl/functions/unroll/index.js        |    2 +-
 .../cribl/functions/xml_unroll/conf.schema.json    |   14 +-
 .../default/cribl/functions/xml_unroll/index.js    |    2 +-
 groups/default/default/cribl/iometrics.yml         |    2 +
 .../default/cribl/ipfix-information-elements.yml   | 5447 ++++++++++++++++++++
 groups/default/default/cribl/limits.yml            |    8 +-
 .../default/cribl/notification-templates.yml       |   23 +
 groups/default/default/cribl/policies.yml          |   41 +-
 groups/default/default/cribl/roles.yml             |    5 +-
 groups/default/default/cribl/saved-queries.yml     |    2 +
 groups/default/default/cribl/service.yml           |    7 +-
 .../data/lookups/xsiam_name_vendor_products.csv    |   71 +
 .../default_fleet/data/samples/sample_metrics.json |    2 +-
 groups/default_fleet/default/cribl/ai.yml          |    2 +
 .../cribl/collectors/azure_blob/conf.schema.json   |   49 +-
 .../collectors/azure_blob/conf.ui-schema.json      |   17 +-
 .../default/cribl/collectors/azure_blob/index.js   |    2 +-
 .../collectors/cribl_lake/conf.ui-schema.json      |    2 +-
 .../cribl/collectors/database/conf.schema.json     |    2 +-
 .../cribl/collectors/filesystem/conf.schema.json   |   16 +-
 .../google_cloud_storage/conf.schema.json          |   28 +-
 .../cribl/collectors/health_check/conf.schema.json |   16 +-
 .../cribl/collectors/office365_mgmt/index.js       |    2 +-
 .../cribl/collectors/office365_service/index.js    |    2 +-
 .../default/cribl/collectors/prometheus/index.js   |    2 +-
 .../default/cribl/collectors/rest/conf.schema.json |  247 +-
 .../cribl/collectors/rest/conf.ui-schema.json      |   57 +-
 .../default/cribl/collectors/s3/conf.schema.json   |  139 +-
 .../cribl/collectors/s3/conf.ui-schema.json        |   44 +-
 .../default/cribl/collectors/script/index.js       |    2 +-
 .../cribl/collectors/splunk/conf.schema.json       |   87 +-
 .../cribl/collectors/splunk/conf.ui-schema.json    |   10 +-
 .../persistent-queue-usage-source/conf.schema.json |   33 +
 .../conf.ui-schema.json                            |    8 +
 .../persistent-queue-usage-source/index.js         |    1 +
 .../default/cribl/conditions/search/index.js       |    2 +-
 .../default/cribl/executors/clear_pq/index.js      |    2 +-
 .../functions/aggregate_metrics/conf.schema.json   |  153 +
 .../aggregate_metrics/conf.ui-schema.json          |  130 +
 .../cribl/functions/aggregate_metrics/index.js     |    1 +
 .../cribl/functions/aggregation/conf.schema.json   |   43 +-
 .../functions/aggregation/conf.ui-schema.json      |   12 +-
 .../default/cribl/functions/aggregation/index.js   |    2 +-
 .../functions/auto_timestamp/conf.schema.json      |   36 +-
 .../default/cribl/functions/cef/conf.schema.json   |    6 +-
 .../default/cribl/functions/chain/conf.schema.json |    2 +-
 .../default/cribl/functions/chain/index.js         |    2 +-
 .../default/cribl/functions/clone/conf.schema.json |    2 +-
 .../default/cribl/functions/clone/index.js         |    2 +-
 .../default/cribl/functions/code/conf.schema.json  |   10 +-
 .../cribl/functions/distinct/conf.schema.json      |    7 +-
 .../default/cribl/functions/distinct/index.js      |    2 +-
 .../cribl/functions/dns_lookup/conf.schema.json    |   30 +-
 .../cribl/functions/dns_lookup/conf.ui-schema.json |    2 +-
 .../functions/dynamic_sampling/conf.schema.json    |   20 +-
 .../default/cribl/functions/eval/conf.schema.json  |   13 +-
 .../default/cribl/functions/eval/index.js          |    2 +-
 .../cribl/functions/event_breaker/conf.schema.json |   38 +-
 .../default/cribl/functions/event_breaker/index.js |    2 +-
 .../cribl/functions/eventstats/conf.schema.json    |    6 +
 .../default/cribl/functions/eventstats/index.js    |    2 +-
 .../cribl/functions/flatten/conf.schema.json       |    4 +-
 .../cribl/functions/foldkeys/conf.schema.json      |   14 +-
 .../default/cribl/functions/foldkeys/index.js      |    2 +-
 .../default/cribl/functions/geoip/conf.schema.json |   17 +-
 .../default/cribl/functions/grok/conf.schema.json  |    4 +-
 .../default/cribl/functions/grok/index.js          |    2 +-
 .../cribl/functions/json_unroll/conf.schema.json   |    4 +-
 .../default/cribl/functions/json_unroll/index.js   |    2 +-
 .../default/cribl/functions/lake_export/index.js   |    2 +-
 .../cribl/functions/lookup/conf.schema.json        |  121 +-
 .../cribl/functions/lookup/conf.ui-schema.json     |   15 -
 .../default/cribl/functions/lookup/index.js        |    2 +-
 .../default/cribl/functions/mask/conf.schema.json  |   21 +-
 .../default/cribl/functions/mv_expand/index.js     |    2 +-
 .../cribl/functions/mv_pull/conf.schema.json       |   34 +
 .../default/cribl/functions/mv_pull/index.js       |    1 +
 .../cribl/functions/notify/conf.schema.json        |    2 +-
 .../default/cribl/functions/notify/index.js        |    2 +-
 .../cribl/functions/otlp_logs/conf.schema.json     |    9 +-
 .../cribl/functions/otlp_logs/conf.ui-schema.json  |   18 +
 .../cribl/functions/otlp_metrics/conf.schema.json  |   10 +-
 .../functions/otlp_metrics/conf.ui-schema.json     |   18 +
 .../cribl/functions/otlp_traces/conf.schema.json   |   10 +-
 .../functions/otlp_traces/conf.ui-schema.json      |   18 +
 .../functions/publish_metrics/conf.schema.json     |   17 +-
 .../cribl/functions/publish_metrics/index.js       |    2 +-
 .../default/cribl/functions/redis/conf.schema.json |   95 +-
 .../default/cribl/functions/redis/index.js         |    2 +-
 .../cribl/functions/regex_extract/conf.schema.json |   12 +-
 .../cribl/functions/regex_filter/conf.schema.json  |    2 +-
 .../cribl/functions/rename/conf.schema.json        |   12 +-
 .../default/cribl/functions/rename/index.js        |    2 +-
 .../functions/rollup_metrics/conf.schema.json      |    6 +-
 .../cribl/functions/sampling/conf.schema.json      |    6 +-
 .../default/cribl/functions/send/conf.schema.json  |    6 +
 .../default/cribl/functions/send/index.js          |    2 +-
 .../default/cribl/functions/serde/conf.schema.json |   32 +-
 .../cribl/functions/serialize/conf.schema.json     |   28 +-
 .../functions/snmp_trap_serialize/conf.schema.json |  101 +
 .../snmp_trap_serialize/conf.ui-schema.json        |   47 +
 .../cribl/functions/snmp_trap_serialize/index.js   |    1 +
 .../default/cribl/functions/sort/conf.schema.json  |    2 +-
 .../cribl/functions/suppress/conf.schema.json      |   20 +-
 .../default/cribl/functions/suppress/index.js      |    2 +-
 .../default/cribl/functions/tee/conf.schema.json   |    9 +-
 .../cribl/functions/unroll/conf.schema.json        |    8 +-
 .../default/cribl/functions/unroll/index.js        |    2 +-
 .../cribl/functions/xml_unroll/conf.schema.json    |   14 +-
 .../default/cribl/functions/xml_unroll/index.js    |    2 +-
 groups/default_fleet/default/cribl/iometrics.yml   |    2 +
 .../default/cribl/ipfix-information-elements.yml   | 5447 ++++++++++++++++++++
 groups/default_fleet/default/cribl/limits.yml      |    8 +-
 .../default/cribl/notification-templates.yml       |   23 +
 groups/default_fleet/default/cribl/policies.yml    |   41 +-
 groups/default_fleet/default/cribl/roles.yml       |    5 +-
 .../default_fleet/default/cribl/saved-queries.yml  |    2 +
 groups/default_fleet/default/cribl/service.yml     |    7 +-
 local/cribl/ai.yml                                 |    5 +
 local/cribl/auth/676f6174733432.dat                |    2 +-
 755 files changed, 49380 insertions(+), 4350 deletions(-)
